<?xml version="1.0" encoding="UTF-8"?>
<!-- Generated by org.testng.reporters.JUnitReportReporter -->
<testsuite skipped="0" hostname="LAPTOP-D2C4MCOT" name="javaFramework.CreateNewUserTest" tests="1" failures="0" timestamp="16 abr 2019 02:01:53 GMT" time="20.372" errors="0">
  <testcase name="CreateNewUser" time="20.372" classname="javaFramework.CreateNewUserTest"/>
</testsuite> <!-- javaFramework.CreateNewUserTest -->
